This is pdfTeX, Version 3.14159265-2.6-1.40.18 (TeX Live 2017) (preloaded format=pdflatex 2017.5.23)  27 JAN 2022 14:34
entering extended mode
 restricted \write18 enabled.
 %&-line parsing enabled.
**supplement_Nov2021.tex
(./supplement_Nov2021.tex
LaTeX2e <2017-04-15>
Babel <3.10> and hyphenation patterns for 84 language(s) loaded.
(./rsos.cls

LaTeX Warning: You have requested document class `rsos',
               but the document class provides `rsproca'.

Document Class: rsproca 2005/12/01 v1.1 Standard LaTeX document class
(/usr/local/texlive/2017/texmf-dist/tex/latex/vruler/vruler.sty 2.3 <24/10/96>
    VRULER version 2.3 Octorber 1996 By Z Jiang
    University of New England, Australia
    Email: zhuhan@neumann.une.edu.au
) (/usr/local/texlive/2017/texmf-dist/tex/latex/crop/crop.sty
Package: crop 2003/05/20 v1.9 crop marks (mf)
\stockwidth=\dimen107
\stockheight=\dimen108
\CROP@index=\count89

(/usr/local/texlive/2017/texmf-dist/tex/latex/graphics/color.sty
Package: color 2016/07/10 v1.1e Standard LaTeX Color (DPC)

(/usr/local/texlive/2017/texmf-dist/tex/latex/graphics-cfg/color.cfg
File: color.cfg 2016/01/02 v1.6 sample color configuration
)
Package color Info: Driver file: pdftex.def on input line 147.

(/usr/local/texlive/2017/texmf-dist/tex/latex/graphics-def/pdftex.def
File: pdftex.def 2017/01/12 v0.06k Graphics/color for pdfTeX

(/usr/local/texlive/2017/texmf-dist/tex/generic/oberdiek/infwarerr.sty
Package: infwarerr 2016/05/16 v1.4 Providing info/warning/error messages (HO)
)
(/usr/local/texlive/2017/texmf-dist/tex/generic/oberdiek/ltxcmds.sty
Package: ltxcmds 2016/05/16 v1.23 LaTeX kernel commands for general use (HO)
)
\Gread@gobject=\count90
))
(/usr/local/texlive/2017/texmf-dist/tex/latex/graphics/graphics.sty
Package: graphics 2017/04/14 v1.1b Standard LaTeX Graphics (DPC,SPQR)

(/usr/local/texlive/2017/texmf-dist/tex/latex/graphics/trig.sty
Package: trig 2016/01/03 v1.10 sin cos tan (DPC)
)
(/usr/local/texlive/2017/texmf-dist/tex/latex/graphics-cfg/graphics.cfg
File: graphics.cfg 2016/06/04 v1.11 sample graphics configuration
)
Package graphics Info: Driver file: pdftex.def on input line 99.
)
\CROP@offset=\count91
Package crop Info: Local config file crop.cfg used on input line 605.

(/usr/local/texlive/2017/texmf-dist/tex/xelatex/xetexconfig/crop.cfg))
(/usr/local/texlive/2017/texmf-dist/tex/latex/amsmath/amsmath.sty
Package: amsmath 2016/11/05 v2.16a AMS math features
\@mathmargin=\skip41

For additional information on amsmath, use the `?' option.
(/usr/local/texlive/2017/texmf-dist/tex/latex/amsmath/amstext.sty
Package: amstext 2000/06/29 v2.01 AMS text

(/usr/local/texlive/2017/texmf-dist/tex/latex/amsmath/amsgen.sty
File: amsgen.sty 1999/11/30 v2.0 generic functions
\@emptytoks=\toks31
\ex@=\dimen109
))
(/usr/local/texlive/2017/texmf-dist/tex/latex/amsmath/amsbsy.sty
Package: amsbsy 1999/11/29 v1.2d Bold Symbols
\pmbraise@=\dimen110
)
(/usr/local/texlive/2017/texmf-dist/tex/latex/amsmath/amsopn.sty
Package: amsopn 2016/03/08 v2.02 operator names
)
\inf@bad=\count92
LaTeX Info: Redefining \frac on input line 213.
\uproot@=\count93
\leftroot@=\count94
LaTeX Info: Redefining \overline on input line 375.
\classnum@=\count95
\DOTSCASE@=\count96
LaTeX Info: Redefining \ldots on input line 472.
LaTeX Info: Redefining \dots on input line 475.
LaTeX Info: Redefining \cdots on input line 596.
\Mathstrutbox@=\box32
\strutbox@=\box33
\big@size=\dimen111
LaTeX Font Info:    Redeclaring font encoding OML on input line 712.
LaTeX Font Info:    Redeclaring font encoding OMS on input line 713.
\macc@depth=\count97
\c@MaxMatrixCols=\count98
\dotsspace@=\muskip10
\c@parentequation=\count99
\dspbrk@lvl=\count100
\tag@help=\toks32
\row@=\count101
\column@=\count102
\maxfields@=\count103
\andhelp@=\toks33
\eqnshift@=\dimen112
\alignsep@=\dimen113
\tagshift@=\dimen114
\tagwidth@=\dimen115
\totwidth@=\dimen116
\lineht@=\dimen117
\@envbody=\toks34
\multlinegap=\skip42
\multlinetaggap=\skip43
\mathdisplay@stack=\toks35
LaTeX Info: Redefining \[ on input line 2817.
LaTeX Info: Redefining \] on input line 2818.
)
(/usr/local/texlive/2017/texmf-dist/tex/latex/amsfonts/amssymb.sty
Package: amssymb 2013/01/14 v3.01 AMS font symbols

(/usr/local/texlive/2017/texmf-dist/tex/latex/amsfonts/amsfonts.sty
Package: amsfonts 2013/01/14 v3.01 Basic AMSFonts support
\symAMSa=\mathgroup4
\symAMSb=\mathgroup5
LaTeX Font Info:    Overwriting math alphabet `\mathfrak' in version `bold'
(Font)                  U/euf/m/n --> U/euf/b/n on input line 106.
))
(/usr/local/texlive/2017/texmf-dist/tex/latex/amscls/upref.sty
Package: upref 2007/03/14 v2.04
)
(/usr/local/texlive/2017/texmf-dist/tex/latex/endnotes/endnotes.sty
\c@endnote=\count104
\endnotesep=\dimen118
\@enotes=\write3
)
(/usr/local/texlive/2017/texmf-dist/tex/latex/amscls/amsthm.sty
Package: amsthm 2015/03/04 v2.20.2
\thm@style=\toks36
\thm@bodyfont=\toks37
\thm@headfont=\toks38
\thm@notefont=\toks39
\thm@headpunct=\toks40
\thm@preskip=\skip44
\thm@postskip=\skip45
\thm@headsep=\skip46
\dth@everypar=\toks41
)
(/usr/local/texlive/2017/texmf-dist/tex/latex/marginnote/marginnote.sty
Package: marginnote 2017/04/22 v1.2b non floating margin notes for LaTeX
\c@mn@abspage=\count105
)
(/usr/local/texlive/2017/texmf-dist/tex/latex/soul/soul.sty
Package: soul 2003/11/17 v2.4 letterspacing/underlining (mf)
\SOUL@word=\toks42
\SOUL@lasttoken=\toks43
\SOUL@cmds=\toks44
\SOUL@buffer=\toks45
\SOUL@token=\toks46
\SOUL@spaceskip=\skip47
\SOUL@ttwidth=\dimen119
\SOUL@uldp=\dimen120
\SOUL@ulht=\dimen121
)
(/usr/local/texlive/2017/texmf-dist/tex/latex/graphics/graphicx.sty
Package: graphicx 2014/10/28 v1.0g Enhanced LaTeX Graphics (DPC,SPQR)

(/usr/local/texlive/2017/texmf-dist/tex/latex/graphics/keyval.sty
Package: keyval 2014/10/28 v1.15 key=value parser (DPC)
\KV@toks@=\toks47
)
\Gin@req@height=\dimen122
\Gin@req@width=\dimen123
)
(/usr/local/texlive/2017/texmf-dist/tex/latex/graphics/rotating.sty
Package: rotating 2016/08/11 v2.16d rotated objects in LaTeX

(/usr/local/texlive/2017/texmf-dist/tex/latex/base/ifthen.sty
Package: ifthen 2014/09/29 v1.1c Standard LaTeX ifthen package (DPC)
)
\c@r@tfl@t=\count106
\rotFPtop=\skip48
\rotFPbot=\skip49
\rot@float@box=\box34
\rot@mess@toks=\toks48
)
(/usr/local/texlive/2017/texmf-dist/tex/latex/tools/dcolumn.sty
Package: dcolumn 2014/10/28 v1.06 decimal alignment package (DPC)

(/usr/local/texlive/2017/texmf-dist/tex/latex/tools/array.sty
Package: array 2016/10/06 v2.4d Tabular extension package (FMi)
\col@sep=\dimen124
\extrarowheight=\dimen125
\NC@list=\toks49
\extratabsurround=\skip50
\backup@length=\skip51
))
(/usr/local/texlive/2017/texmf-dist/tex/latex/base/fontenc.sty
Package: fontenc 2017/04/05 v2.0i Standard LaTeX package

(/usr/local/texlive/2017/texmf-dist/tex/latex/base/t1enc.def
File: t1enc.def 2017/04/05 v2.0i Standard LaTeX file
LaTeX Font Info:    Redeclaring font encoding T1 on input line 48.
))
(/usr/local/texlive/2017/texmf-dist/tex/latex/psnfss/palatino.sty
Package: palatino 2005/04/12 PSNFSS-v9.2a (SPQR) 
)
(/usr/local/texlive/2017/texmf-dist/tex/latex/psnfss/helvet.sty
Package: helvet 2005/04/12 PSNFSS-v9.2a (WaS) 
)
\catchlinewd=\dimen126
\dcht=\dimen127
\frametextht=\dimen128
\myrunhwidth=\skip52
LaTeX Font Info:    Try loading font information for T1+phv on input line 479.

(/usr/local/texlive/2017/texmf-dist/tex/latex/psnfss/t1phv.fd
File: t1phv.fd 2001/06/04 scalable font definitions for T1/phv.
)
LaTeX Font Info:    Font shape `T1/phv/m/n' will be
(Font)              scaled to size 9.35007pt on input line 479.
\c@part=\count107
\c@section=\count108
\c@subsection=\count109
\c@subsubsection=\count110
\c@paragraph=\count111
\c@subparagraph=\count112
\c@figure=\count113
\c@scheme=\count114
\c@table=\count115
\abovecaptionskip=\skip53
\belowcaptionskip=\skip54
\leftnoteskip=\dimen129

(/usr/local/texlive/2017/texmf-dist/tex/latex/colortbl/colortbl.sty
Package: colortbl 2012/02/13 v1.0a Color table columns (DPC)
\everycr=\toks50
\minrowclearance=\skip55
)
\bibindent=\dimen130
\absbox=\box35
\fmtextbox=\box36
\c@mythm=\count116
\rotdimen=\dimen131
\symEulerExtension=\mathgroup6
LaTeX Font Info:    Redeclaring math symbol \intop on input line 1447.
LaTeX Font Info:    Redeclaring math symbol \ointop on input line 1448.
\eqntext=\dimen132

(/usr/local/texlive/2017/texmf-dist/tex/latex/natbib/natbib.sty
Package: natbib 2010/09/13 8.31b (PWD, AO)
\bibhang=\skip56
\bibsep=\skip57
LaTeX Info: Redefining \cite on input line 694.
\c@NAT@ctr=\count117
)
(/usr/local/texlive/2017/texmf-dist/tex/latex/hyperref/hyperref.sty
Package: hyperref 2017/03/14 v6.85a Hypertext links for LaTeX

(/usr/local/texlive/2017/texmf-dist/tex/generic/oberdiek/hobsub-hyperref.sty
Package: hobsub-hyperref 2016/05/16 v1.14 Bundle oberdiek, subset hyperref (HO)


(/usr/local/texlive/2017/texmf-dist/tex/generic/oberdiek/hobsub-generic.sty
Package: hobsub-generic 2016/05/16 v1.14 Bundle oberdiek, subset generic (HO)
Package: hobsub 2016/05/16 v1.14 Construct package bundles (HO)
Package hobsub Info: Skipping package `infwarerr' (already loaded).
Package hobsub Info: Skipping package `ltxcmds' (already loaded).
Package: ifluatex 2016/05/16 v1.4 Provides the ifluatex switch (HO)
Package ifluatex Info: LuaTeX not detected.
Package: ifvtex 2016/05/16 v1.6 Detect VTeX and its facilities (HO)
Package ifvtex Info: VTeX not detected.
Package: intcalc 2016/05/16 v1.2 Expandable calculations with integers (HO)
Package: ifpdf 2017/03/15 v3.2 Provides the ifpdf switch
Package: etexcmds 2016/05/16 v1.6 Avoid name clashes with e-TeX commands (HO)
Package etexcmds Info: Could not find \expanded.
(etexcmds)             That can mean that you are not using pdfTeX 1.50 or
(etexcmds)             that some package has redefined \expanded.
(etexcmds)             In the latter case, load this package earlier.
Package: kvsetkeys 2016/05/16 v1.17 Key value parser (HO)
Package: kvdefinekeys 2016/05/16 v1.4 Define keys (HO)
Package: pdftexcmds 2017/03/19 v0.25 Utility functions of pdfTeX for LuaTeX (HO
)
Package pdftexcmds Info: LuaTeX not detected.
Package pdftexcmds Info: \pdf@primitive is available.
Package pdftexcmds Info: \pdf@ifprimitive is available.
Package pdftexcmds Info: \pdfdraftmode found.
Package: pdfescape 2016/05/16 v1.14 Implements pdfTeX's escape features (HO)
Package: bigintcalc 2016/05/16 v1.4 Expandable calculations on big integers (HO
)
Package: bitset 2016/05/16 v1.2 Handle bit-vector datatype (HO)
Package: uniquecounter 2016/05/16 v1.3 Provide unlimited unique counter (HO)
)
Package hobsub Info: Skipping package `hobsub' (already loaded).
Package: letltxmacro 2016/05/16 v1.5 Let assignment for LaTeX macros (HO)
Package: hopatch 2016/05/16 v1.3 Wrapper for package hooks (HO)
Package: xcolor-patch 2016/05/16 xcolor patch
Package: atveryend 2016/05/16 v1.9 Hooks at the very end of document (HO)
Package atveryend Info: \enddocument detected (standard20110627).
Package: atbegshi 2016/06/09 v1.18 At begin shipout hook (HO)
Package atbegshi Info: Package `crop' patched.
Package: refcount 2016/05/16 v3.5 Data extraction from label references (HO)
Package: hycolor 2016/05/16 v1.8 Color options for hyperref/bookmark (HO)
)
(/usr/local/texlive/2017/texmf-dist/tex/generic/ifxetex/ifxetex.sty
Package: ifxetex 2010/09/12 v0.6 Provides ifxetex conditional
)
(/usr/local/texlive/2017/texmf-dist/tex/latex/oberdiek/auxhook.sty
Package: auxhook 2016/05/16 v1.4 Hooks for auxiliary files (HO)
)
(/usr/local/texlive/2017/texmf-dist/tex/latex/oberdiek/kvoptions.sty
Package: kvoptions 2016/05/16 v3.12 Key value format for package options (HO)
)
\@linkdim=\dimen133
\Hy@linkcounter=\count118
\Hy@pagecounter=\count119

(/usr/local/texlive/2017/texmf-dist/tex/latex/hyperref/pd1enc.def
File: pd1enc.def 2017/03/14 v6.85a Hyperref: PDFDocEncoding definition (HO)
)
\Hy@SavedSpaceFactor=\count120

(/usr/local/texlive/2017/texmf-dist/tex/latex/latexconfig/hyperref.cfg
File: hyperref.cfg 2002/06/06 v1.2 hyperref configuration of TeXLive
)
Package hyperref Info: Option `bookmarksnumbered' set `true' on input line 4374
.
Package hyperref Info: Option `raiselinks' set `true' on input line 4374.
Package hyperref Info: Option `breaklinks' set `true' on input line 4374.
Package hyperref Info: Hyper figures OFF on input line 4498.
Package hyperref Info: Link nesting OFF on input line 4503.
Package hyperref Info: Hyper index ON on input line 4506.
Package hyperref Info: Plain pages OFF on input line 4513.
Package hyperref Info: Backreferencing OFF on input line 4518.
Package hyperref Info: Implicit mode ON; LaTeX internals redefined.
Package hyperref Info: Bookmarks ON on input line 4751.
\c@Hy@tempcnt=\count121

(/usr/local/texlive/2017/texmf-dist/tex/latex/url/url.sty
\Urlmuskip=\muskip11
Package: url 2013/09/16  ver 3.4  Verb mode for urls, etc.
)
LaTeX Info: Redefining \url on input line 5104.
\XeTeXLinkMargin=\dimen134
\Fld@menulength=\count122
\Field@Width=\dimen135
\Fld@charsize=\dimen136
Package hyperref Info: Hyper figures OFF on input line 6358.
Package hyperref Info: Link nesting OFF on input line 6363.
Package hyperref Info: Hyper index ON on input line 6366.
Package hyperref Info: backreferencing OFF on input line 6373.
Package hyperref Info: Link coloring OFF on input line 6378.
Package hyperref Info: Link coloring with OCG OFF on input line 6383.
Package hyperref Info: PDF/A mode OFF on input line 6388.
LaTeX Info: Redefining \ref on input line 6428.
LaTeX Info: Redefining \pageref on input line 6432.
\Hy@abspage=\count123
\c@Item=\count124
\c@Hfootnote=\count125
)

Package hyperref Message: Driver (autodetected): hpdftex.

(/usr/local/texlive/2017/texmf-dist/tex/latex/hyperref/hpdftex.def
File: hpdftex.def 2017/03/14 v6.85a Hyperref driver for pdfTeX
\Fld@listcount=\count126
\c@bookmark@seq@number=\count127

(/usr/local/texlive/2017/texmf-dist/tex/latex/oberdiek/rerunfilecheck.sty
Package: rerunfilecheck 2016/05/16 v1.8 Rerun checks for auxiliary files (HO)
Package uniquecounter Info: New unique counter `rerunfilecheck' on input line 2
82.
)
\Hy@SectionHShift=\skip58
)
Package hyperref Info: Option `colorlinks' set `true' on input line 1524.
)
(/usr/local/texlive/2017/texmf-dist/tex/latex/wasysym/wasysym.sty
Package: wasysym 2003/10/30 v2.0 Wasy-2 symbol support package
\symwasy=\mathgroup7
LaTeX Font Info:    Overwriting symbol font `wasy' in version `bold'
(Font)                  U/wasy/m/n --> U/wasy/b/n on input line 90.
)
(/usr/local/texlive/2017/texmf-dist/tex/latex/caption/caption.sty
Package: caption 2016/02/21 v3.3-144 Customizing captions (AR)

(/usr/local/texlive/2017/texmf-dist/tex/latex/caption/caption3.sty
Package: caption3 2016/05/22 v1.7-166 caption3 kernel (AR)
Package caption3 Info: TeX engine: e-TeX on input line 67.
\captionmargin=\dimen137
\captionmargin@=\dimen138
\captionwidth=\dimen139
\caption@tempdima=\dimen140
\caption@indent=\dimen141
\caption@parindent=\dimen142
\caption@hangindent=\dimen143
Package caption Info: Unknown document class (or package),
(caption)             standard defaults will be used.
)

Package caption Warning: Unsupported document class (or package) detected,
(caption)                usage of the caption package is not recommended.
See the caption package documentation for explanation.

Package caption Info: \@makecaption = \long macro:#1#2->\vskip \abovecaptionski
p \sbox \@tempboxa {{\captionheadfont #1.}\hskip 2.5pt{\captionfont #2}}\ifdim 
\wd \@tempboxa <\hsize \global \@minipagefalse \hb@xt@ \hsize {\box \@tempboxa 
}\else \ifdim \wd \@tempboxa >1.99\hsize {{\captionheadfont #1.}\hskip 2.5pt {\
captionfont #2}\par } \else {{\captionheadfont #1.}\hskip 2.5pt {\captionfont #
2}\par } \fi \fi \vskip \belowcaptionskip .
\c@ContinuedFloat=\count128
Package caption Info: hyperref package is loaded.
Package caption Info: rotating package is loaded.
) (/usr/local/texlive/2017/texmf-dist/tex/latex/caption/subcaption.sty
Package: subcaption 2016/05/22 v1.1-161 Sub-captions (AR)
\c@subfigure=\count129
\c@subtable=\count130
)
\c@theorem=\count131
\c@condition=\count132
\c@corollary=\count133

(./supplement_Nov2021.aux)
\openout1 = `supplement_Nov2021.aux'.

LaTeX Font Info:    Checking defaults for OML/cmm/m/it on input line 24.
LaTeX Font Info:    ... okay on input line 24.
LaTeX Font Info:    Checking defaults for T1/cmr/m/n on input line 24.
LaTeX Font Info:    ... okay on input line 24.
LaTeX Font Info:    Checking defaults for OT1/cmr/m/n on input line 24.
LaTeX Font Info:    ... okay on input line 24.
LaTeX Font Info:    Checking defaults for OMS/cmsy/m/n on input line 24.
LaTeX Font Info:    ... okay on input line 24.
LaTeX Font Info:    Checking defaults for OMX/cmex/m/n on input line 24.
LaTeX Font Info:    ... okay on input line 24.
LaTeX Font Info:    Checking defaults for U/cmr/m/n on input line 24.
LaTeX Font Info:    ... okay on input line 24.
LaTeX Font Info:    Checking defaults for PD1/pdf/m/n on input line 24.
LaTeX Font Info:    ... okay on input line 24.
LaTeX Font Info:    Try loading font information for T1+ppl on input line 24.

(/usr/local/texlive/2017/texmf-dist/tex/latex/psnfss/t1ppl.fd
File: t1ppl.fd 2001/06/04 font definitions for T1/ppl.
)
(/usr/local/texlive/2017/texmf-dist/tex/context/base/mkii/supp-pdf.mkii
[Loading MPS to PDF converter (version 2006.09.02).]
\scratchcounter=\count134
\scratchdimen=\dimen144
\scratchbox=\box37
\nofMPsegments=\count135
\nofMParguments=\count136
\everyMPshowfont=\toks51
\MPscratchCnt=\count137
\MPscratchDim=\dimen145
\MPnumerator=\count138
\makeMPintoPDFobject=\count139
\everyMPtoPDFconversion=\toks52
) (/usr/local/texlive/2017/texmf-dist/tex/latex/oberdiek/epstopdf-base.sty
Package: epstopdf-base 2016/05/15 v2.6 Base part for package epstopdf

(/usr/local/texlive/2017/texmf-dist/tex/latex/oberdiek/grfext.sty
Package: grfext 2016/05/16 v1.2 Manage graphics extensions (HO)
)
Package epstopdf-base Info: Redefining graphics rule for `.eps' on input line 4
38.
Package grfext Info: Graphics extension search list:
(grfext)             [.png,.pdf,.jpg,.mps,.jpeg,.jbig2,.jb2,.PNG,.PDF,.JPG,.JPE
G,.JBIG2,.JB2,.eps]
(grfext)             \AppendGraphicsExtensions on input line 456.

(/usr/local/texlive/2017/texmf-dist/tex/latex/latexconfig/epstopdf-sys.cfg
File: epstopdf-sys.cfg 2010/07/13 v1.3 Configuration of (r)epstopdf for TeX Liv
e
))
Package crop Info: requested driver: `' on input line 24.
Package crop Info: detected driver: `pdftex' on input line 24.
Package crop Info: using `pdftex' graphics driver on input line 24.
Package marginnote Info: \pdfoutput not 0 or unimportant and
(marginnote)             \pdflastxpos or \lastxpos available.
(marginnote)             Extended position detection mode activated.

(/usr/local/texlive/2017/texmf-dist/tex/latex/tools/longtable.sty
Package: longtable 2014/10/28 v4.11 Multi-page Table package (DPC)
\LTleft=\skip59
\LTright=\skip60
\LTpre=\skip61
\LTpost=\skip62
\LTchunksize=\count140
\LTcapwidth=\dimen146
\LT@head=\box38
\LT@firsthead=\box39
\LT@foot=\box40
\LT@lastfoot=\box41
\LT@cols=\count141
\LT@rows=\count142
\c@LT@tables=\count143
\c@LT@chunks=\count144
\LT@p@ftn=\toks53
)
\AtBeginShipoutBox=\box42
Package hyperref Info: Link coloring ON on input line 24.

(/usr/local/texlive/2017/texmf-dist/tex/latex/hyperref/nameref.sty
Package: nameref 2016/05/21 v2.44 Cross-referencing by name of section

(/usr/local/texlive/2017/texmf-dist/tex/generic/oberdiek/gettitlestring.sty
Package: gettitlestring 2016/05/16 v1.5 Cleanup title references (HO)
)
\c@section@level=\count145
)
LaTeX Info: Redefining \ref on input line 24.
LaTeX Info: Redefining \pageref on input line 24.
LaTeX Info: Redefining \nameref on input line 24.

(./supplement_Nov2021.out) (./supplement_Nov2021.out)
\@outlinefile=\write4
\openout4 = `supplement_Nov2021.out'.

Package caption Info: Begin \AtBeginDocument code.
Package caption Info: longtable package is loaded.

(/usr/local/texlive/2017/texmf-dist/tex/latex/caption/ltcaption.sty
Package: ltcaption 2013/06/09 v1.4-94 longtable captions (AR)
)
Package caption Info: End \AtBeginDocument code.

<OPENSCIENCE.pdf, id=44, 153.57375pt x 33.12375pt>
File: OPENSCIENCE.pdf Graphic file (type pdf)
 <use OPENSCIENCE.pdf>
Package pdftex.def Info: OPENSCIENCE.pdf used on input line 59.
(pdftex.def)             Requested size: 153.57336pt x 33.12366pt.

Overfull \hbox (11.30959pt too wide) in paragraph at lines 59--59
[][] 
 []

LaTeX Font Info:    Font shape `T1/phv/m/n' will be
(Font)              scaled to size 11.47508pt on input line 59.

Overfull \hbox (13.63518pt too wide) in paragraph at lines 59--59
[][]\T1/phv/m/n/13.5 rsos.royalsocietypublishing.org[] 
 []

LaTeX Font Info:    Font shape `T1/phv/m/n' will be
(Font)              scaled to size 15.30011pt on input line 59.
<OpenAccesslogo_bw.pdf, id=46, 20.075pt x 32.12pt>
File: OpenAccesslogo_bw.pdf Graphic file (type pdf)
 <use OpenAccesslogo_bw.pdf>
Package pdftex.def Info: OpenAccesslogo_bw.pdf used on input line 59.
(pdftex.def)             Requested size: 20.07494pt x 32.1199pt.

<RS_crossmark_logo.pdf, id=47, 25.92787pt x 32.61584pt>
File: RS_crossmark_logo.pdf Graphic file (type pdf)

<use RS_crossmark_logo.pdf>
Package pdftex.def Info: RS_crossmark_logo.pdf used on input line 59.
(pdftex.def)             Requested size: 25.9278pt x 32.61575pt.
LaTeX Font Info:    Font shape `T1/phv/m/n' will be
(Font)              scaled to size 8.50006pt on input line 59.
LaTeX Font Info:    Font shape `T1/phv/b/n' will be
(Font)              scaled to size 8.50006pt on input line 59.
LaTeX Font Info:    Try loading font information for U+msa on input line 59.

(/usr/local/texlive/2017/texmf-dist/tex/latex/amsfonts/umsa.fd
File: umsa.fd 2013/01/14 v3.01 AMS symbols A
)
LaTeX Font Info:    Try loading font information for U+msb on input line 59.

(/usr/local/texlive/2017/texmf-dist/tex/latex/amsfonts/umsb.fd
File: umsb.fd 2013/01/14 v3.01 AMS symbols B
)
LaTeX Font Info:    Try loading font information for U+euex on input line 59.

(/usr/local/texlive/2017/texmf-dist/tex/latex/amsfonts/ueuex.fd
File: ueuex.fd 2013/01/14 v3.01 Euler extra symbols
)
LaTeX Font Info:    Try loading font information for U+wasy on input line 59.

(/usr/local/texlive/2017/texmf-dist/tex/latex/wasysym/uwasy.fd
File: uwasy.fd 2003/10/30 v2.0 Wasy-2 symbol font definitions
)
LaTeX Font Info:    Font shape `T1/phv/m/n' will be
(Font)              scaled to size 17.00012pt on input line 59.
LaTeX Font Info:    Font shape `T1/phv/m/n' will be
(Font)              scaled to size 11.90009pt on input line 59.
LaTeX Font Info:    Calculating math sizes for size <14> on input line 59.
LaTeX Font Info:    Calculating math sizes for size <11> on input line 59.


LaTeX Font Warning: Font shape `OT1/cmr/m/n' in size <5.5> not available
(Font)              size <5> substituted on input line 59.


LaTeX Font Warning: Font shape `OML/cmm/m/it' in size <5.5> not available
(Font)              size <5> substituted on input line 59.


LaTeX Font Warning: Font shape `OMS/cmsy/m/n' in size <5.5> not available
(Font)              size <5> substituted on input line 59.


LaTeX Font Warning: Font shape `U/wasy/m/n' in size <5.5> not available
(Font)              size <5> substituted on input line 59.

LaTeX Font Info:    Font shape `T1/phv/m/n' will be
(Font)              scaled to size 7.65005pt on input line 59.

Overfull \hbox (11.48364pt too wide) in paragraph at lines 59--59
$[]$|  $[]$ 
 []


Underfull \vbox (badness 10000) has occurred while \output is active []


Underfull \hbox (badness 10000) has occurred while \output is active
[]
 []

<RSOS_Pubs_Logo_Line_CMYK.pdf, id=49, 153.57375pt x 20.075pt>
File: RSOS_Pubs_Logo_Line_CMYK.pdf Graphic file (type pdf)

<use RSOS_Pubs_Logo_Line_CMYK.pdf>
Package pdftex.def Info: RSOS_Pubs_Logo_Line_CMYK.pdf used on input line 62.
(pdftex.def)             Requested size: 153.57336pt x 20.07494pt.
LaTeX Font Info:    Font shape `T1/phv/m/n' will be
(Font)              scaled to size 6.37505pt on input line 62.
LaTeX Font Info:    Calculating math sizes for size <7.5> on input line 62.


LaTeX Font Warning: Font shape `OT1/cmr/m/n' in size <7.5> not available
(Font)              size <7> substituted on input line 62.


LaTeX Font Warning: Font shape `OT1/cmr/m/n' in size <3.75> not available
(Font)              size <5> substituted on input line 62.


LaTeX Font Warning: Font shape `OML/cmm/m/it' in size <7.5> not available
(Font)              size <7> substituted on input line 62.


LaTeX Font Warning: Font shape `OML/cmm/m/it' in size <3.75> not available
(Font)              size <5> substituted on input line 62.


LaTeX Font Warning: Font shape `OMS/cmsy/m/n' in size <7.5> not available
(Font)              size <7> substituted on input line 62.


LaTeX Font Warning: Font shape `OMS/cmsy/m/n' in size <3.75> not available
(Font)              size <5> substituted on input line 62.


LaTeX Font Warning: Font shape `U/wasy/m/n' in size <7.5> not available
(Font)              size <7> substituted on input line 62.


LaTeX Font Warning: Font shape `U/wasy/m/n' in size <3.75> not available
(Font)              size <5> substituted on input line 62.

LaTeX Font Info:    Try loading font information for OMS+phv on input line 62.
(/usr/local/texlive/2017/texmf-dist/tex/latex/psnfss/omsphv.fd
File: omsphv.fd 
)
LaTeX Font Info:    Font shape `OMS/phv/m/n' in size <7.5> not available
(Font)              Font shape `OMS/cmsy/m/n' tried instead on input line 62.


LaTeX Font Warning: Font shape `OMS/cmsy/m/n' in size <7.5> not available
(Font)              size <7> substituted on input line 62.

LaTeX Font Info:    Font shape `T1/phv/m/n' will be
(Font)              scaled to size 4.4625pt on input line 62.
LaTeX Font Info:    Font shape `T1/phv/m/n' will be
(Font)              scaled to size 3.18752pt on input line 62.

Overfull \hbox (14.27687pt too wide) has occurred while \output is active
[]  [][][][][][] 
 []

[1


{/usr/local/texlive/2017/texmf-var/fonts/map/pdftex/updmap/pdftex.map} <./OPENS
CIENCE.pdf> <./OpenAccesslogo_bw.pdf> <./RS_crossmark_logo.pdf> <./RSOS_Pubs_Lo
go_Line_CMYK.pdf>]
LaTeX Font Info:    Font shape `T1/phv/m/n' will be
(Font)              scaled to size 13.6001pt on input line 62.
LaTeX Font Info:    Font shape `T1/phv/b/n' will be
(Font)              scaled to size 7.65005pt on input line 97.

Overfull \vbox (21.4162pt too high) has occurred while \output is active []


[2]
LaTeX Font Info:    Font shape `T1/ppl/bx/n' in size <9> not available
(Font)              Font shape `T1/ppl/b/n' tried instead on input line 109.


Package natbib Warning: Citation `keating2011warm ' on page 3 undefined on inpu
t line 109.


Overfull \vbox (21.51176pt too high) has occurred while \output is active []


[3]
Overfull \vbox (21.4162pt too high) has occurred while \output is active []


[4]
Overfull \vbox (21.51176pt too high) has occurred while \output is active []


[5]
Underfull \vbox (badness 10000) has occurred while \output is active []


Overfull \vbox (21.51176pt too high) has occurred while \output is active []


[6]
Overfull \vbox (21.4162pt too high) has occurred while \output is active []


[7]
Overfull \vbox (21.51176pt too high) has occurred while \output is active []


[8

]
Overfull \vbox (21.51176pt too high) has occurred while \output is active []


[9] <fig_distance_modern.pdf, id=258, 433.62pt x 361.35pt>
File: fig_distance_modern.pdf Graphic file (type pdf)

<use fig_distance_modern.pdf>
Package pdftex.def Info: fig_distance_modern.pdf used on input line 333.
(pdftex.def)             Requested size: 384.1122pt x 320.11177pt.

<fig_means_peaks_modern_rev.pdf, id=259, 722.7pt x 578.16pt>
File: fig_means_peaks_modern_rev.pdf Graphic file (type pdf)

<use fig_means_peaks_modern_rev.pdf>
Package pdftex.def Info: fig_means_peaks_modern_rev.pdf used on input line 346.

(pdftex.def)             Requested size: 384.1122pt x 307.28789pt.

<fig_means_peaks_eocene_lowlatitude_rev.pdf, id=260, 722.7pt x 578.16pt>
File: fig_means_peaks_eocene_lowlatitude_rev.pdf Graphic file (type pdf)

<use fig_means_peaks_eocene_lowlatitude_rev.pdf>
Package pdftex.def Info: fig_means_peaks_eocene_lowlatitude_rev.pdf used on inp
ut line 367.
(pdftex.def)             Requested size: 384.1122pt x 307.28789pt.

Overfull \vbox (21.51176pt too high) has occurred while \output is active []


[10

 <./fig_distance_modern.pdf>]
Overfull \vbox (21.4162pt too high) has occurred while \output is active []


[11 <./fig_means_peaks_modern_rev.pdf>]
Overfull \vbox (21.4162pt too high) has occurred while \output is active []


[12 <./fig_means_peaks_eocene_lowlatitude_rev.pdf>] (./supplement_Nov2021.bbl
Underfull \hbox (badness 10000) in paragraph at lines 29--33
[]\T1/ppl/m/n/9 West CK, Green-wood DR, Basinger JF. 2015 Was the Arc-tic Eocen
e
 []


Underfull \hbox (badness 4899) in paragraph at lines 29--33
\T1/ppl/m/n/9 ‘rain-forest’-mon-soonal? Es-ti-mates of sea-sonal pre-cip-i-
ta-tion from early Eocene
 []


Overfull \vbox (21.51176pt too high) has occurred while \output is active []


[13

]
Underfull \hbox (badness 4518) in paragraph at lines 148--151
[]\T1/ppl/m/n/9 Frederiksen NO. 1998 Up-per Pa-le-ocene and low-er-most Eocene 
an-giosperm pollen
 []


Overfull \vbox (21.4162pt too high) has occurred while \output is active []


[14]) Setting LastPage
Overfull \vbox (21.51176pt too high) has occurred while \output is active []


[15]

Package natbib Warning: There were undefined citations.

Package atveryend Info: Empty hook `BeforeClearDocument' on input line 397.
Package atveryend Info: Empty hook `AfterLastShipout' on input line 397.
(./supplement_Nov2021.aux)
Package atveryend Info: Executing hook `AtVeryEndDocument' on input line 397.
Package atveryend Info: Executing hook `AtEndAfterFileList' on input line 397.
Package rerunfilecheck Info: File `supplement_Nov2021.out' has not changed.
(rerunfilecheck)             Checksum: 3CF9B884AB9D1BA671B2F39D00BFDD3A;755.


LaTeX Font Warning: Size substitutions with differences
(Font)              up to 1.25pt have occurred.

Package atveryend Info: Empty hook `AtVeryVeryEnd' on input line 397.
 ) 
Here is how much of TeX's memory you used:
 9437 strings out of 492995
 137503 string characters out of 6132704
 237000 words of memory out of 5000000
 12709 multiletter control sequences out of 15000+600000
 59176 words of font info for 110 fonts, out of 8000000 for 9000
 1151 hyphenation exceptions out of 8191
 41i,18n,39p,1051b,589s stack positions out of 5000i,500n,10000p,200000b,80000s
{/usr/local/texlive/2017/texmf-dist/fonts/enc/dvips/base/8r.enc}</usr/local/t
exlive/2017/texmf-dist/fonts/type1/public/amsfonts/cmextra/cmex9.pfb></usr/loca
l/texlive/2017/texmf-dist/fonts/type1/public/amsfonts/cm/cmmi10.pfb></usr/local
/texlive/2017/texmf-dist/fonts/type1/public/amsfonts/cm/cmmi5.pfb></usr/local/t
exlive/2017/texmf-dist/fonts/type1/public/amsfonts/cm/cmmi7.pfb></usr/local/tex
live/2017/texmf-dist/fonts/type1/public/amsfonts/cm/cmmi9.pfb></usr/local/texli
ve/2017/texmf-dist/fonts/type1/public/amsfonts/cm/cmr10.pfb></usr/local/texlive
/2017/texmf-dist/fonts/type1/public/amsfonts/cm/cmr7.pfb></usr/local/texlive/20
17/texmf-dist/fonts/type1/public/amsfonts/cm/cmr9.pfb></usr/local/texlive/2017/
texmf-dist/fonts/type1/public/amsfonts/cm/cmsy10.pfb></usr/local/texlive/2017/t
exmf-dist/fonts/type1/public/amsfonts/cm/cmsy7.pfb></usr/local/texlive/2017/tex
mf-dist/fonts/type1/public/amsfonts/cm/cmsy9.pfb></usr/local/texlive/2017/texmf
-dist/fonts/type1/urw/helvetic/uhvb8a.pfb></usr/local/texlive/2017/texmf-dist/f
onts/type1/urw/helvetic/uhvr8a.pfb></usr/local/texlive/2017/texmf-dist/fonts/ty
pe1/urw/palatino/uplb8a.pfb></usr/local/texlive/2017/texmf-dist/fonts/type1/urw
/palatino/uplr8a.pfb></usr/local/texlive/2017/texmf-dist/fonts/type1/urw/palati
no/uplri8a.pfb>
Output written on supplement_Nov2021.pdf (15 pages, 280835 bytes).
PDF statistics:
 391 PDF objects out of 1000 (max. 8388607)
 344 compressed objects within 4 object streams
 85 named destinations out of 1000 (max. 500000)
 116 words of extra memory for PDF output out of 10000 (max. 10000000)

